{
  "Unit Tests": {
    "coverage": {
      "/home/ubuntu/CS169/ESnetproj/app/controllers/application_controller.rb": [
        1,
        1,
        null
      ],
      "/home/ubuntu/CS169/ESnetproj/app/helpers/application_helper.rb": [
        1,
        null
      ],
      "/home/ubuntu/CS169/ESnetproj/app/helpers/perf_sonar_helper.rb": [
        1,
        null
      ],
      "/home/ubuntu/CS169/ESnetproj/app/helpers/servers_helper.rb": [
        1,
        null
      ],
      "/home/ubuntu/CS169/ESnetproj/app/helpers/traceroutes_helper.rb": [
        1,
        null
      ],
      "/home/ubuntu/CS169/ESnetproj/app/controllers/perf_sonar_controller.rb": [
        1,
        null
      ],
      "/home/ubuntu/CS169/ESnetproj/app/controllers/requests_controller.rb": [
        1,
        null,
        1,
        null,
        null,
        1,
        null,
        null,
        null
      ],
      "/home/ubuntu/CS169/ESnetproj/app/controllers/servers_controller.rb": [
        1,
        null,
        null,
        1,
        0,
        null,
        0,
        null,
        0,
        0,
        0,
        null,
        null,
        null,
        null,
        null,
        1,
        0,
        null,
        0,
        0,
        0,
        null,
        null,
        null,
        null,
        null,
        1,
        0,
        null,
        0,
        0,
        0,
        null,
        null,
        null,
        null,
        1,
        0,
        null,
        null,
        null,
        null,
        1,
        0,
        null,
        0,
        0,
        0,
        0,
        null,
        0,
        0,
        null,
        null,
        null,
        null,
        null,
        null,
        1,
        0,
        null,
        0,
        0,
        0,
        0,
        null,
        0,
        0,
        null,
        null,
        null,
        null,
        null,
        null,
        1,
        0,
        0,
        null,
        0,
        0,
        0,
        null,
        null,
        null
      ],
      "/home/ubuntu/CS169/ESnetproj/app/models/server.rb": [
        1,
        1,
        null,
        1,
        1,
        null,
        1,
        null,
        null,
        1,
        0,
        null,
        null,
        1,
        0,
        0,
        0,
        null,
        null,
        1,
        0,
        0,
        0,
        0,
        0,
        0,
        0,
        null,
        null,
        null,
        null
      ],
      "/home/ubuntu/CS169/ESnetproj/app/controllers/traceroutes_controller.rb": [
        1,
        null,
        null,
        null,
        1,
        null,
        1,
        0,
        null,
        null,
        null,
        null,
        null,
        1,
        null,
        null,
        null,
        null,
        null,
        1,
        null,
        null,
        null,
        null,
        1,
        null,
        null,
        null,
        null,
        null,
        1,
        null,
        null,
        null,
        null,
        null,
        1,
        null,
        null,
        null,
        null,
        null,
        1,
        null,
        null,
        null,
        1,
        0,
        null,
        null,
        1,
        0,
        0,
        0,
        0,
        0,
        0,
        0,
        0,
        0,
        0,
        null,
        null,
        null,
        null
      ],
      "/home/ubuntu/CS169/ESnetproj/app/models/traceroute.rb": [
        1,
        null,
        null,
        null,
        null,
        null,
        null,
        null,
        null,
        null,
        null,
        null
      ]
    },
    "timestamp": 1350899689
  },
  "Cucumber Features": {
    "coverage": {
      "/home/ubuntu/CS169/ESnetproj/app/models/server.rb": [
        1,
        1,
        null,
        1,
        1,
        null,
        1,
        null,
        null,
        1,
        0,
        null,
        null,
        1,
        16,
        16,
        16,
        null,
        null,
        1,
        16,
        16,
        16,
        16,
        16,
        16,
        16,
        null,
        null,
        null,
        null
      ],
      "/home/ubuntu/CS169/ESnetproj/app/controllers/servers_controller.rb": [
        1,
        null,
        null,
        1,
        3,
        null,
        3,
        null,
        3,
        3,
        3,
        null,
        null,
        null,
        null,
        null,
        1,
        1,
        null,
        1,
        1,
        1,
        null,
        null,
        null,
        null,
        null,
        1,
        1,
        null,
        1,
        1,
        1,
        null,
        null,
        null,
        null,
        1,
        0,
        null,
        null,
        null,
        null,
        1,
        1,
        null,
        1,
        1,
        2,
        1,
        null,
        0,
        0,
        null,
        null,
        null,
        null,
        null,
        null,
        1,
        0,
        null,
        0,
        0,
        0,
        0,
        null,
        0,
        0,
        null,
        null,
        null,
        null,
        null,
        null,
        1,
        1,
        1,
        null,
        1,
        2,
        1,
        null,
        null,
        null
      ],
      "/home/ubuntu/CS169/ESnetproj/app/controllers/application_controller.rb": [
        1,
        1,
        null
      ],
      "/home/ubuntu/CS169/ESnetproj/app/helpers/application_helper.rb": [
        1,
        null
      ],
      "/home/ubuntu/CS169/ESnetproj/app/helpers/perf_sonar_helper.rb": [
        1,
        null
      ],
      "/home/ubuntu/CS169/ESnetproj/app/helpers/servers_helper.rb": [
        1,
        null
      ],
      "/home/ubuntu/CS169/ESnetproj/app/helpers/traceroutes_helper.rb": [
        1,
        null
      ],
      "/home/ubuntu/CS169/ESnetproj/app/controllers/traceroutes_controller.rb": [
        1,
        null,
        null,
        null,
        1,
        null,
        1,
        1,
        null,
        null,
        null,
        null,
        null,
        1,
        null,
        null,
        null,
        null,
        null,
        1,
        null,
        null,
        null,
        null,
        1,
        null,
        null,
        null,
        null,
        null,
        1,
        null,
        null,
        null,
        null,
        null,
        1,
        null,
        null,
        null,
        null,
        null,
        1,
        null,
        null,
        null,
        1,
        1,
        null,
        null,
        1,
        1,
        1,
        1,
        1,
        1,
        1,
        1,
        1,
        1,
        1,
        null,
        null,
        null,
        null
      ],
      "/home/ubuntu/CS169/ESnetproj/app/models/traceroute.rb": [
        1,
        null,
        null,
        null,
        null,
        null,
        null,
        null,
        null,
        null,
        null,
        null
      ]
    },
    "timestamp": 1350899621
  },
  "RSpec": {
    "coverage": {
      "/home/ubuntu/CS169/ESnetproj/app/helpers/application_helper.rb": [
        1,
        null
      ],
      "/home/ubuntu/CS169/ESnetproj/app/helpers/perf_sonar_helper.rb": [
        1,
        null
      ],
      "/home/ubuntu/CS169/ESnetproj/app/helpers/servers_helper.rb": [
        1,
        null
      ],
      "/home/ubuntu/CS169/ESnetproj/app/helpers/traceroutes_helper.rb": [
        1,
        null
      ],
      "/home/ubuntu/CS169/ESnetproj/app/controllers/servers_controller.rb": [
        1,
        null,
        null,
        1,
        2,
        null,
        2,
        null,
        2,
        2,
        2,
        null,
        null,
        null,
        null,
        null,
        1,
        1,
        null,
        1,
        1,
        1,
        null,
        null,
        null,
        null,
        null,
        1,
        1,
        null,
        1,
        1,
        1,
        null,
        null,
        null,
        null,
        1,
        1,
        null,
        null,
        null,
        null,
        1,
        5,
        null,
        5,
        5,
        6,
        3,
        null,
        4,
        2,
        null,
        null,
        null,
        null,
        null,
        null,
        1,
        5,
        null,
        5,
        5,
        4,
        2,
        null,
        6,
        3,
        null,
        null,
        null,
        null,
        null,
        null,
        1,
        2,
        2,
        null,
        2,
        4,
        2,
        null,
        null,
        null
      ],
      "/home/ubuntu/CS169/ESnetproj/app/controllers/application_controller.rb": [
        1,
        1,
        null
      ],
      "/home/ubuntu/CS169/ESnetproj/app/models/server.rb": [
        1,
        1,
        null,
        1,
        1,
        null,
        1,
        null,
        null,
        1,
        0,
        null,
        null,
        1,
        13,
        13,
        13,
        null,
        null,
        1,
        14,
        14,
        14,
        14,
        14,
        14,
        14,
        null,
        null,
        null,
        null
      ],
      "/home/ubuntu/CS169/ESnetproj/app/models/traceroute.rb": [
        1,
        null,
        null,
        null,
        null,
        null,
        null,
        null,
        null,
        null,
        null,
        null
      ],
      "/home/ubuntu/CS169/ESnetproj/app/controllers/traceroutes_controller.rb": [
        1,
        null,
        null,
        null,
        1,
        null,
        1,
        1,
        null,
        null,
        null,
        null,
        null,
        1,
        null,
        null,
        null,
        null,
        null,
        1,
        null,
        null,
        null,
        null,
        1,
        null,
        null,
        null,
        null,
        null,
        1,
        null,
        null,
        null,
        null,
        null,
        1,
        null,
        null,
        null,
        null,
        null,
        1,
        null,
        null,
        null,
        1,
        0,
        null,
        null,
        1,
        0,
        0,
        0,
        0,
        0,
        0,
        0,
        0,
        0,
        0,
        null,
        null,
        null,
        null
      ]
    },
    "timestamp": 1350899667
  }
}
