{
  "Unit Tests": {
    "coverage": {
      "/home/ubuntu/CS169/ESnetproj/app/controllers/application_controller.rb": [
        1,
        1,
        null
      ],
      "/home/ubuntu/CS169/ESnetproj/app/helpers/application_helper.rb": [
        1,
        null
      ],
      "/home/ubuntu/CS169/ESnetproj/app/helpers/perf_sonar_helper.rb": [
        1,
        null
      ],
      "/home/ubuntu/CS169/ESnetproj/app/helpers/servers_helper.rb": [
        1,
        null
      ],
      "/home/ubuntu/CS169/ESnetproj/app/helpers/traceroutes_helper.rb": [
        1,
        null
      ],
      "/home/ubuntu/CS169/ESnetproj/app/controllers/perf_sonar_controller.rb": [
        1,
        null
      ],
      "/home/ubuntu/CS169/ESnetproj/app/controllers/requests_controller.rb": [
        1,
        null,
        1,
        null,
        null,
        1,
        null,
        null,
        null
      ],
      "/home/ubuntu/CS169/ESnetproj/app/controllers/servers_controller.rb": [
        1,
        null,
        null,
        1,
        0,
        null,
        0,
        null,
        0,
        0,
        0,
        null,
        null,
        null,
        null,
        null,
        1,
        0,
        null,
        0,
        0,
        0,
        null,
        null,
        null,
        null,
        null,
        1,
        0,
        null,
        0,
        0,
        0,
        null,
        null,
        null,
        null,
        1,
        0,
        null,
        null,
        null,
        null,
        1,
        0,
        null,
        0,
        0,
        0,
        0,
        null,
        0,
        0,
        null,
        null,
        null,
        null,
        null,
        null,
        1,
        0,
        null,
        0,
        0,
        0,
        0,
        null,
        0,
        0,
        null,
        null,
        null,
        null,
        null,
        null,
        1,
        0,
        0,
        null,
        0,
        0,
        0,
        null,
        null,
        null
      ],
      "/home/ubuntu/CS169/ESnetproj/app/models/server.rb": [
        1,
        1,
        null,
        1,
        1,
        null,
        1,
        null,
        null,
        1,
        0,
        null,
        null,
        1,
        0,
        0,
        0,
        null,
        null,
        1,
        0,
        0,
        0,
        0,
        0,
        0,
        0,
        null,
        null,
        null,
        null
      ],
      "/home/ubuntu/CS169/ESnetproj/app/controllers/traceroutes_controller.rb": [
        1,
        null,
        null,
        null,
        1,
        null,
        1,
        0,
        null,
        null,
        null,
        null,
        null,
        1,
        null,
        null,
        null,
        null,
        null,
        1,
        null,
        null,
        null,
        null,
        1,
        null,
        null,
        null,
        null,
        null,
        1,
        null,
        null,
        null,
        null,
        null,
        1,
        null,
        null,
        null,
        null,
        null,
        1,
        null,
        null,
        null,
        1,
        0,
        null,
        null,
        1,
        0,
        0,
        0,
        0,
        0,
        0,
        0,
        0,
        0,
        0,
        null,
        null,
        null,
        null
      ],
      "/home/ubuntu/CS169/ESnetproj/app/models/traceroute.rb": [
        1,
        null,
        null,
        null,
        null,
        null,
        null,
        null,
        null,
        null,
        null,
        null
      ]
    },
    "timestamp": 1350899689
  },
  "Cucumber Features": {
    "coverage": {
      "/home/ubuntu/CS169/ESnetproj/app/models/user.rb": [
        1,
        1,
        1,
        null
      ],
      "/home/ubuntu/CS169/ESnetproj/app/controllers/user_sessions_controller.rb": [
        1,
        null,
        null,
        null,
        1,
        13,
        null,
        13,
        13,
        13,
        null,
        null,
        null,
        null,
        null,
        1,
        11,
        null,
        11,
        11,
        18,
        9,
        null,
        4,
        2,
        null,
        null,
        null,
        null,
        null,
        null,
        1,
        1,
        1,
        null,
        1,
        2,
        1,
        null,
        null,
        null
      ],
      "/home/ubuntu/CS169/ESnetproj/app/controllers/application_controller.rb": [
        1,
        1,
        null,
        1,
        null,
        1,
        null,
        1,
        87,
        87,
        null,
        null,
        1,
        98,
        62,
        null,
        1,
        7,
        1,
        1,
        1,
        null,
        null,
        null
      ],
      "/home/ubuntu/CS169/ESnetproj/app/helpers/application_helper.rb": [
        1,
        null
      ],
      "/home/ubuntu/CS169/ESnetproj/app/helpers/perf_sonar_helper.rb": [
        1,
        null
      ],
      "/home/ubuntu/CS169/ESnetproj/app/helpers/servers_helper.rb": [
        1,
        null
      ],
      "/home/ubuntu/CS169/ESnetproj/app/helpers/traceroutes_helper.rb": [
        1,
        null
      ],
      "/home/ubuntu/CS169/ESnetproj/app/helpers/user_sessions_helper.rb": [
        1,
        1,
        null,
        null
      ],
      "/home/ubuntu/CS169/ESnetproj/app/helpers/users_helper.rb": [
        1,
        null
      ],
      "/home/ubuntu/CS169/ESnetproj/app/models/user_session.rb": [
        1,
        1,
        15,
        null,
        null,
        1,
        30,
        null,
        null
      ],
      "/home/ubuntu/CS169/ESnetproj/app/controllers/traceroutes_controller.rb": [
        1,
        null,
        null,
        null,
        1,
        1,
        1,
        1,
        1,
        null,
        1,
        24,
        null,
        null,
        null,
        null,
        null,
        1,
        null,
        null,
        null,
        null,
        null,
        1,
        null,
        null,
        null,
        null,
        1,
        null,
        null,
        null,
        null,
        null,
        1,
        null,
        null,
        null,
        null,
        null,
        1,
        null,
        null,
        null,
        null,
        null,
        1,
        null,
        null,
        null,
        1,
        4,
        null,
        null,
        1,
        4,
        4,
        4,
        4,
        4,
        null,
        4,
        null,
        1,
        1,
        1,
        3,
        null,
        1,
        null,
        2,
        null,
        null,
        null,
        null,
        null
      ],
      "/home/ubuntu/CS169/ESnetproj/app/models/traceroute.rb": [
        1,
        null,
        null,
        null,
        null,
        null,
        null,
        null,
        null,
        null,
        null,
        null
      ],
      "/home/ubuntu/CS169/ESnetproj/app/models/server.rb": [
        1,
        null,
        1,
        null,
        null
      ],
      "/home/ubuntu/CS169/ESnetproj/app/controllers/users_controller.rb": [
        1,
        1,
        null,
        null,
        1,
        6,
        null,
        6,
        6,
        6,
        null,
        null,
        null,
        null,
        null,
        1,
        2,
        null,
        2,
        2,
        2,
        null,
        null,
        null,
        null,
        null,
        1,
        4,
        null,
        4,
        4,
        4,
        null,
        null,
        null,
        null,
        1,
        2,
        null,
        null,
        null,
        null,
        1,
        4,
        null,
        4,
        4,
        2,
        1,
        null,
        6,
        3,
        null,
        null,
        null,
        null,
        null,
        null,
        1,
        2,
        null,
        2,
        2,
        2,
        1,
        null,
        2,
        1,
        null,
        null,
        null,
        null,
        null,
        null,
        1,
        1,
        1,
        null,
        1,
        2,
        1,
        null,
        null,
        null,
        null
      ],
      "/home/ubuntu/CS169/ESnetproj/app/models/perfsonar.rb": [
        1,
        1,
        null,
        1,
        null,
        1,
        1,
        1,
        null,
        1,
        1,
        1,
        null,
        null,
        null,
        1,
        null,
        null,
        1,
        null,
        null,
        null,
        null,
        null,
        1,
        1,
        null,
        null,
        null,
        null,
        null,
        null,
        null,
        null,
        null,
        null,
        null,
        null,
        null,
        1,
        null,
        1,
        null,
        1,
        1,
        10,
        null,
        null,
        1,
        null,
        null,
        1,
        1,
        null,
        null,
        null,
        null,
        1,
        1,
        null,
        1,
        null,
        1,
        null,
        1,
        1,
        205,
        null,
        null,
        null,
        1,
        null,
        null,
        null,
        1,
        2,
        null,
        null,
        null,
        null,
        null,
        2,
        2,
        null,
        2,
        null,
        2,
        null,
        2,
        2,
        12,
        null,
        360,
        null,
        null,
        null,
        null,
        2,
        null,
        null,
        null,
        1,
        null,
        1,
        4,
        4,
        4,
        4,
        null,
        4,
        4,
        4,
        8,
        null,
        null,
        null
      ],
      "/home/ubuntu/CS169/ESnetproj/app/controllers/servers_controller.rb": [
        null,
        null,
        null,
        null,
        null,
        null,
        null,
        null,
        null,
        null,
        null,
        null,
        null,
        null,
        null,
        null,
        null,
        null,
        null,
        null,
        null,
        null,
        null,
        null,
        null,
        null,
        null,
        null,
        null,
        null,
        null,
        null,
        null,
        null,
        null,
        null,
        null,
        null,
        null,
        null,
        null,
        null,
        null,
        null,
        null,
        null,
        null,
        null,
        null,
        null,
        null,
        null,
        null,
        null,
        null,
        null,
        null,
        null,
        null,
        null,
        null,
        null,
        null,
        null,
        null,
        null,
        null,
        null,
        null,
        null,
        null,
        null,
        null,
        null,
        null,
        null,
        null,
        null,
        null,
        null,
        null,
        null,
        null,
        null,
        null,
        null,
        null,
        null,
        null,
        null,
        null,
        null,
        null,
        null,
        null,
        null,
        null,
        null,
        null,
        null,
        null,
        null,
        null,
        null,
        null,
        null,
        null,
        null,
        null,
        null,
        null,
        null,
        null,
        null,
        null,
        null,
        null,
        null,
        null,
        null,
        null,
        null,
        null,
        null,
        null,
        null,
        null,
        null,
        null,
        null,
        null,
        null,
        null,
        null,
        null,
        null,
        null,
        null
      ]
    },
    "timestamp": 1353301108
  },
  "RSpec": {
    "coverage": {
      "/home/ubuntu/CS169/ESnetproj/app/helpers/application_helper.rb": [
        1,
        null
      ],
      "/home/ubuntu/CS169/ESnetproj/app/helpers/perf_sonar_helper.rb": [
        1,
        null
      ],
      "/home/ubuntu/CS169/ESnetproj/app/helpers/servers_helper.rb": [
        1,
        null
      ],
      "/home/ubuntu/CS169/ESnetproj/app/helpers/traceroutes_helper.rb": [
        1,
        null
      ],
      "/home/ubuntu/CS169/ESnetproj/app/helpers/user_sessions_helper.rb": [
        1,
        1,
        null,
        null
      ],
      "/home/ubuntu/CS169/ESnetproj/app/helpers/users_helper.rb": [
        1,
        null
      ],
      "/home/ubuntu/CS169/ESnetproj/app/controllers/servers_controller.rb": [
        1,
        1,
        null,
        null,
        1,
        0,
        null,
        0,
        null,
        0,
        0,
        0,
        null,
        null,
        null,
        null,
        null,
        1,
        1,
        null,
        1,
        1,
        1,
        null,
        null,
        null,
        null,
        null,
        1,
        0,
        null,
        0,
        0,
        0,
        null,
        null,
        null,
        null,
        1,
        1,
        null,
        null,
        null,
        null,
        1,
        0,
        null,
        0,
        0,
        0,
        0,
        null,
        0,
        0,
        null,
        null,
        null,
        null,
        null,
        null,
        1,
        0,
        null,
        0,
        0,
        0,
        0,
        null,
        0,
        0,
        null,
        null,
        null,
        null,
        null,
        null,
        1,
        0,
        0,
        null,
        0,
        0,
        0,
        null,
        null,
        null
      ],
      "/home/ubuntu/CS169/ESnetproj/app/controllers/application_controller.rb": [
        1,
        1,
        null,
        1,
        null,
        1,
        null,
        1,
        10,
        10,
        null,
        null,
        1,
        5,
        5,
        null,
        1,
        2,
        0,
        0,
        0,
        null,
        null,
        null
      ],
      "/home/ubuntu/CS169/ESnetproj/app/models/server.rb": [
        1,
        1,
        null,
        null,
        1,
        1,
        null,
        1,
        1,
        null,
        null,
        1,
        0,
        null,
        null,
        1,
        0,
        0,
        0,
        null,
        null,
        1,
        0,
        0,
        null,
        0,
        0,
        0,
        0,
        0,
        0,
        0,
        null,
        null,
        null,
        null
      ],
      "/home/ubuntu/CS169/ESnetproj/app/controllers/users_controller.rb": [
        1,
        1,
        null,
        null,
        1,
        0,
        null,
        0,
        0,
        0,
        null,
        null,
        null,
        null,
        null,
        1,
        0,
        null,
        0,
        0,
        0,
        null,
        null,
        null,
        null,
        null,
        1,
        1,
        null,
        1,
        1,
        1,
        null,
        null,
        null,
        null,
        1,
        1,
        null,
        null,
        null,
        null,
        1,
        1,
        null,
        1,
        1,
        0,
        0,
        null,
        2,
        1,
        null,
        null,
        null,
        null,
        null,
        null,
        1,
        0,
        null,
        0,
        0,
        0,
        0,
        null,
        0,
        0,
        null,
        null,
        null,
        null,
        null,
        null,
        1,
        0,
        0,
        null,
        0,
        0,
        0,
        null,
        null,
        null,
        null
      ],
      "/home/ubuntu/CS169/ESnetproj/app/models/user.rb": [
        1,
        1,
        1,
        null
      ],
      "/home/ubuntu/CS169/ESnetproj/app/controllers/traceroutes_controller.rb": [
        1,
        null,
        null,
        null,
        1,
        1,
        1,
        1,
        1,
        null,
        1,
        0,
        null,
        null,
        null,
        null,
        null,
        1,
        null,
        null,
        null,
        null,
        null,
        1,
        null,
        null,
        null,
        null,
        1,
        null,
        null,
        null,
        null,
        null,
        1,
        null,
        null,
        null,
        null,
        null,
        1,
        null,
        null,
        null,
        null,
        null,
        1,
        null,
        null,
        null,
        1,
        0,
        null,
        null,
        1,
        0,
        0,
        0,
        0,
        0,
        0,
        0,
        0,
        0,
        0,
        null,
        0,
        null,
        0,
        0,
        0,
        0,
        null,
        0,
        null,
        0,
        null,
        null,
        null,
        null,
        null
      ],
      "/home/ubuntu/CS169/ESnetproj/app/models/traceroute.rb": [
        1,
        null,
        null,
        null,
        null,
        null,
        null,
        null,
        null,
        null,
        null,
        null
      ],
      "/home/ubuntu/CS169/ESnetproj/app/models/user_session.rb": [
        1,
        1,
        0,
        null,
        null,
        1,
        0,
        null,
        null
      ]
    },
    "timestamp": 1352101226
  }
}
